<?xml version="1.0" encoding="UTF-8"?>
<testsuite name="ztysdmy.functional.LiftingTest" tests="2" skipped="0" failures="0" errors="0" timestamp="2019-07-19T13:01:38" hostname="KBP1-LHP-F55543" time="0.006">
  <properties/>
  <testcase name="shouldUnfilt" classname="ztysdmy.functional.LiftingTest" time="0.004"/>
  <testcase name="shouldLift" classname="ztysdmy.functional.LiftingTest" time="0.001"/>
  <system-out><![CDATA[]]></system-out>
  <system-err><![CDATA[]]></system-err>
</testsuite>
