<?xml version="1.0" encoding="UTF-8"?>
<testsuite name="ztysdmy.functional.LiftingTest" tests="2" skipped="0" failures="0" errors="0" timestamp="2020-09-28T07:08:24" hostname="KBP1-LHP-F91635" time="0.002">
  <properties/>
  <testcase name="shouldUnfilt" classname="ztysdmy.functional.LiftingTest" time="0.001"/>
  <testcase name="shouldLift" classname="ztysdmy.functional.LiftingTest" time="0.001"/>
  <system-out><![CDATA[]]></system-out>
  <system-err><![CDATA[]]></system-err>
</testsuite>
